build/app/outputs/logs/manifest-merger-debug-report.txt
-- Merging decision tree log ---
manifest
ADDED from src/main/AndroidManifest.xml:1:1-43:12
	package
		ADDED from src/main/AndroidManifest.xml:2:5-37
		INJECTED from src/main/AndroidManifest.xml
		INJECTED from src/main/AndroidManifest.xml
	android:versionName
		INJECTED from src/main/AndroidManifest.xml
		INJECTED from src/main/AndroidManifest.xml
	xmlns:android
		ADDED from src/main/AndroidManifest.xml:1:11-69
	android:versionCode
		INJECTED from src/main/AndroidManifest.xml
		INJECTED from src/main/AndroidManifest.xml
uses-permission#android.permission.INTERNET
ADDED from src/main/AndroidManifest.xml:8:5-66
	android:name
		ADDED from src/main/AndroidManifest.xml:8:22-64
uses-permission#android.permission.WRITE_EXTERNAL_STORAGE
ADDED from src/main/AndroidManifest.xml:10:5-81
	android:name
		ADDED from src/main/AndroidManifest.xml:10:22-78
uses-sdk
ADDED from src/main/AndroidManifest.xml:11:5-74
MERGED from [io.flutter.plugins.path_provider:path_provider:1.0-SNAPSHOT] AndroidManifest.xml:7:5-9:41
MERGED from [com.matheusvillela.flutter.plugins.qrcodereader:qrcode_reader:1.0-SNAPSHOT] AndroidManifest.xml:7:5-9:41
MERGED from [com.dlazaro66.qrcodereaderview:qrcodereaderview:2.0.2] AndroidManifest.xml:8:5-10:41
	android:targetSdkVersion
		ADDED from src/main/AndroidManifest.xml:11:42-71
		INJECTED from src/main/AndroidManifest.xml
		INJECTED from src/main/AndroidManifest.xml
	android:minSdkVersion
		ADDED from src/main/AndroidManifest.xml:11:15-41
		INJECTED from src/main/AndroidManifest.xml
		INJECTED from src/main/AndroidManifest.xml
uses-permission#android.permission.CAMERA
ADDED from src/main/AndroidManifest.xml:12:5-64
MERGED from [com.matheusvillela.flutter.plugins.qrcodereader:qrcode_reader:1.0-SNAPSHOT] AndroidManifest.xml:11:5-65
	android:name
		ADDED from src/main/AndroidManifest.xml:12:22-62
application
ADDED from src/main/AndroidManifest.xml:19:5-42:19
MERGED from [com.matheusvillela.flutter.plugins.qrcodereader:qrcode_reader:1.0-SNAPSHOT] AndroidManifest.xml:13:5-18:19
	android:label
		ADDED from src/main/AndroidManifest.xml:21:9-31
	android:icon
		ADDED from src/main/AndroidManifest.xml:22:9-43
	android:name
		ADDED from src/main/AndroidManifest.xml:20:9-57
activity#com.yourcompany.klymbr.MainActivity
ADDED from src/main/AndroidManifest.xml:23:9-41:20
	android:hardwareAccelerated
		ADDED from src/main/AndroidManifest.xml:28:13-47
	android:launchMode
		ADDED from src/main/AndroidManifest.xml:25:13-43
	android:windowSoftInputMode
		ADDED from src/main/AndroidManifest.xml:29:13-55
	android:configChanges
		ADDED from src/main/AndroidManifest.xml:27:13-106
	android:theme
		ADDED from src/main/AndroidManifest.xml:26:13-47
	android:name
		ADDED from src/main/AndroidManifest.xml:24:13-41
meta-data#io.flutter.app.android.SplashScreenUntilFirstFrame
ADDED from src/main/AndroidManifest.xml:34:13-36:40
	android:value
		ADDED from src/main/AndroidManifest.xml:36:17-37
	android:name
		ADDED from src/main/AndroidManifest.xml:35:17-82
intent-filter#android.intent.action.MAIN+android.intent.category.LAUNCHER
ADDED from src/main/AndroidManifest.xml:37:13-40:29
action#android.intent.action.MAIN
ADDED from src/main/AndroidManifest.xml:38:17-68
	android:name
		ADDED from src/main/AndroidManifest.xml:38:25-66
category#android.intent.category.LAUNCHER
ADDED from src/main/AndroidManifest.xml:39:17-76
	android:name
		ADDED from src/main/AndroidManifest.xml:39:27-74
activity#com.matheusvillela.flutter.plugins.qrcodereader.QRScanActivity
ADDED from [com.matheusvillela.flutter.plugins.qrcodereader:qrcode_reader:1.0-SNAPSHOT] AndroidManifest.xml:14:9-17:63
	android:configChanges
		ADDED from [com.matheusvillela.flutter.plugins.qrcodereader:qrcode_reader:1.0-SNAPSHOT] AndroidManifest.xml:16:13-96
	android:theme
		ADDED from [com.matheusvillela.flutter.plugins.qrcodereader:qrcode_reader:1.0-SNAPSHOT] AndroidManifest.xml:17:13-60
	android:name
		ADDED from [com.matheusvillela.flutter.plugins.qrcodereader:qrcode_reader:1.0-SNAPSHOT] AndroidManifest.xml:15:13-90